<?xml version="1.0" encoding="UTF-8"?>
<robot generator="Robot 3.2.1 (Python 3.7.6 on win32)" generated="20200804 02:46:37.592" rpa="false">
<suite id="s1" name="Testbot" source="C:\Users\thiru\git\Nokiabot\Testbot">
<suite id="s1-s1" name="Testsuites" source="C:\Users\thiru\git\Nokiabot\Testbot\Testsuites">
<suite id="s1-s1-s1" name="BASICS" source="C:\Users\thiru\git\Nokiabot\Testbot\Testsuites\BASICS.robot">
<kw name="Suite-Setup" type="setup">
<kw name="Set Suite Variable" library="BuiltIn">
<doc>Makes a variable available everywhere within the scope of the current suite.</doc>
<arguments>
<arg>@{List-Names}</arg>
<arg>Unix</arg>
<arg>Python</arg>
<arg>Robot</arg>
<arg>RIDE</arg>
</arguments>
<msg timestamp="20200804 02:46:37.689" level="INFO">@{List-Names} = [ Unix | Python | Robot | RIDE ]</msg>
<status status="PASS" starttime="20200804 02:46:37.688" endtime="20200804 02:46:37.690"></status>
</kw>
<status status="PASS" starttime="20200804 02:46:37.688" endtime="20200804 02:46:37.690"></status>
</kw>
<test id="s1-s1-s1-t1" name="TC001 Intro to Keywords">
<kw name="Test-Setup-1" type="setup">
<kw name="Create Dictionary" library="BuiltIn">
<doc>Creates and returns a dictionary based on the given ``items``.</doc>
<arguments>
<arg>Names=${List-Names}</arg>
</arguments>
<assign>
<var>${SW}</var>
</assign>
<msg timestamp="20200804 02:46:37.692" level="INFO">${SW} = {'Names': ['Unix', 'Python', 'Robot', 'RIDE']}</msg>
<status status="PASS" starttime="20200804 02:46:37.691" endtime="20200804 02:46:37.692"></status>
</kw>
<kw name="Set Test Variable" library="BuiltIn">
<doc>Makes a variable available everywhere within the scope of the current test.</doc>
<arguments>
<arg>${SW}</arg>
</arguments>
<msg timestamp="20200804 02:46:37.693" level="INFO">${SW} = {'Names': ['Unix', 'Python', 'Robot', 'RIDE']}</msg>
<status status="PASS" starttime="20200804 02:46:37.692" endtime="20200804 02:46:37.693"></status>
</kw>
<status status="PASS" starttime="20200804 02:46:37.691" endtime="20200804 02:46:37.693"></status>
</kw>
<kw name="Add-Integers">
<arguments>
<arg>${num1}</arg>
<arg>22</arg>
</arguments>
<assign>
<var>${sum}</var>
</assign>
<kw name="Evaluate" library="BuiltIn">
<doc>Evaluates the given expression in Python and returns the result.</doc>
<arguments>
<arg>${arg1}+${arg2}</arg>
</arguments>
<assign>
<var>${result}</var>
</assign>
<msg timestamp="20200804 02:46:37.695" level="INFO">${result} = 50</msg>
<status status="PASS" starttime="20200804 02:46:37.694" endtime="20200804 02:46:37.695"></status>
</kw>
<msg timestamp="20200804 02:46:37.695" level="INFO">${sum} = 50</msg>
<status status="PASS" starttime="20200804 02:46:37.693" endtime="20200804 02:46:37.695"></status>
</kw>
<kw name="Should Be Equal" library="BuiltIn">
<doc>Fails if the given objects are unequal.</doc>
<arguments>
<arg>${sum}</arg>
<arg>${50}</arg>
</arguments>
<status status="PASS" starttime="20200804 02:46:37.696" endtime="20200804 02:46:37.696"></status>
</kw>
<kw name="Test-Teardown-1" type="teardown">
<kw name="Log Many" library="BuiltIn">
<doc>Logs the given messages as separate entries using the INFO level.</doc>
<arguments>
<arg>${SW}</arg>
</arguments>
<msg timestamp="20200804 02:46:37.698" level="INFO">{'Names': ['Unix', 'Python', 'Robot', 'RIDE']}</msg>
<status status="PASS" starttime="20200804 02:46:37.697" endtime="20200804 02:46:37.698"></status>
</kw>
<status status="PASS" starttime="20200804 02:46:37.697" endtime="20200804 02:46:37.698"></status>
</kw>
<status status="PASS" starttime="20200804 02:46:37.690" endtime="20200804 02:46:37.698" critical="yes"></status>
</test>
<test id="s1-s1-s1-t2" name="TC002 Variable Scope">
<kw name="Test-Setup-2" type="setup">
<kw name="Create Dictionary" library="BuiltIn">
<doc>Creates and returns a dictionary based on the given ``items``.</doc>
<arguments>
<arg>Author=Thirumal</arg>
</arguments>
<assign>
<var>${SW}</var>
</assign>
<msg timestamp="20200804 02:46:37.701" level="INFO">${SW} = {'Author': 'Thirumal'}</msg>
<status status="PASS" starttime="20200804 02:46:37.700" endtime="20200804 02:46:37.701"></status>
</kw>
<kw name="Set Test Variable" library="BuiltIn">
<doc>Makes a variable available everywhere within the scope of the current test.</doc>
<arguments>
<arg>${SW}</arg>
</arguments>
<msg timestamp="20200804 02:46:37.702" level="INFO">${SW} = {'Author': 'Thirumal'}</msg>
<status status="PASS" starttime="20200804 02:46:37.701" endtime="20200804 02:46:37.702"></status>
</kw>
<status status="PASS" starttime="20200804 02:46:37.700" endtime="20200804 02:46:37.702"></status>
</kw>
<kw name="Vaiable-Scope">
<kw name="Log Many" library="BuiltIn">
<doc>Logs the given messages as separate entries using the INFO level.</doc>
<arguments>
<arg>${List-Names}</arg>
</arguments>
<msg timestamp="20200804 02:46:37.703" level="INFO">['Unix', 'Python', 'Robot', 'RIDE']</msg>
<status status="PASS" starttime="20200804 02:46:37.703" endtime="20200804 02:46:37.703"></status>
</kw>
<kw name="Set Variable" library="BuiltIn">
<doc>Returns the given values which can then be assigned to a variables.</doc>
<arguments>
<arg>10</arg>
</arguments>
<assign>
<var>${val1}</var>
</assign>
<msg timestamp="20200804 02:46:37.704" level="INFO">${val1} = 10</msg>
<status status="PASS" starttime="20200804 02:46:37.704" endtime="20200804 02:46:37.704"></status>
</kw>
<kw name="Set Test Variable" library="BuiltIn">
<doc>Makes a variable available everywhere within the scope of the current test.</doc>
<arguments>
<arg>${val1}</arg>
</arguments>
<assign>
<var>${testvariable}</var>
</assign>
<msg timestamp="20200804 02:46:37.705" level="INFO">${val1} = 10</msg>
<msg timestamp="20200804 02:46:37.705" level="INFO">${testvariable} = None</msg>
<status status="PASS" starttime="20200804 02:46:37.704" endtime="20200804 02:46:37.705"></status>
</kw>
<status status="PASS" starttime="20200804 02:46:37.702" endtime="20200804 02:46:37.705"></status>
</kw>
<kw name="Set-Variable-Scope">
<kw name="Set Variable" library="BuiltIn">
<doc>Returns the given values which can then be assigned to a variables.</doc>
<arguments>
<arg>5</arg>
</arguments>
<assign>
<var>${testvariable}</var>
</assign>
<msg timestamp="20200804 02:46:37.707" level="INFO">${testvariable} = 5</msg>
<status status="PASS" starttime="20200804 02:46:37.706" endtime="20200804 02:46:37.707"></status>
</kw>
<kw name="Log" library="BuiltIn">
<doc>Logs the given message with the given level.</doc>
<arguments>
<arg>${testvariable}</arg>
</arguments>
<msg timestamp="20200804 02:46:37.707" level="INFO">5</msg>
<status status="PASS" starttime="20200804 02:46:37.707" endtime="20200804 02:46:37.708"></status>
</kw>
<kw name="Set Test Variable" library="BuiltIn">
<doc>Makes a variable available everywhere within the scope of the current test.</doc>
<arguments>
<arg>${testvariable}</arg>
<arg>6</arg>
</arguments>
<msg timestamp="20200804 02:46:37.708" level="INFO">${testvariable} = 6</msg>
<status status="PASS" starttime="20200804 02:46:37.708" endtime="20200804 02:46:37.709"></status>
</kw>
<kw name="Set Variable" library="BuiltIn">
<doc>Returns the given values which can then be assigned to a variables.</doc>
<arguments>
<arg>40</arg>
</arguments>
<assign>
<var>${Var}</var>
</assign>
<msg timestamp="20200804 02:46:37.709" level="INFO">${Var} = 40</msg>
<status status="PASS" starttime="20200804 02:46:37.709" endtime="20200804 02:46:37.710"></status>
</kw>
<status status="PASS" starttime="20200804 02:46:37.706" endtime="20200804 02:46:37.710"></status>
</kw>
<kw name="Run Keyword If" library="BuiltIn">
<doc>Runs the given keyword with the given arguments, if ``condition`` is true.</doc>
<arguments>
<arg>${testvariable} == ${val1}</arg>
<arg>Log</arg>
<arg>Test variable</arg>
<arg>ELSE</arg>
<arg>Log</arg>
<arg>Variable not found</arg>
</arguments>
<kw name="Log" library="BuiltIn">
<doc>Logs the given message with the given level.</doc>
<arguments>
<arg>Variable not found</arg>
</arguments>
<msg timestamp="20200804 02:46:37.712" level="INFO">Variable not found</msg>
<status status="PASS" starttime="20200804 02:46:37.711" endtime="20200804 02:46:37.713"></status>
</kw>
<status status="PASS" starttime="20200804 02:46:37.711" endtime="20200804 02:46:37.713"></status>
</kw>
<kw name="Set Variable" library="BuiltIn">
<doc>Returns the given values which can then be assigned to a variables.</doc>
<arguments>
<arg>${1}</arg>
</arguments>
<assign>
<var>${i}</var>
</assign>
<msg timestamp="20200804 02:46:37.714" level="INFO">${i} = 1</msg>
<status status="PASS" starttime="20200804 02:46:37.713" endtime="20200804 02:46:37.714"></status>
</kw>
<kw name="${Iter} IN [ @{List-Names} ]" type="for">
<kw name="${Iter} = Unix" type="foritem">
<kw name="Catenate" library="BuiltIn">
<doc>Catenates the given items together and returns the resulted string.</doc>
<arguments>
<arg>SEPARATOR=-</arg>
<arg>${Iter}</arg>
<arg>${i}</arg>
</arguments>
<assign>
<var>${RES}</var>
</assign>
<msg timestamp="20200804 02:46:37.716" level="INFO">${RES} = Unix-1</msg>
<status status="PASS" starttime="20200804 02:46:37.715" endtime="20200804 02:46:37.717"></status>
</kw>
<kw name="Add-Integers">
<arguments>
<arg>${i}</arg>
<arg>1</arg>
</arguments>
<assign>
<var>${i}</var>
</assign>
<kw name="Evaluate" library="BuiltIn">
<doc>Evaluates the given expression in Python and returns the result.</doc>
<arguments>
<arg>${arg1}+${arg2}</arg>
</arguments>
<assign>
<var>${result}</var>
</assign>
<msg timestamp="20200804 02:46:37.719" level="INFO">${result} = 2</msg>
<status status="PASS" starttime="20200804 02:46:37.718" endtime="20200804 02:46:37.719"></status>
</kw>
<msg timestamp="20200804 02:46:37.720" level="INFO">${i} = 2</msg>
<status status="PASS" starttime="20200804 02:46:37.717" endtime="20200804 02:46:37.720"></status>
</kw>
<kw name="Log" library="BuiltIn">
<doc>Logs the given message with the given level.</doc>
<arguments>
<arg>${RES}</arg>
</arguments>
<msg timestamp="20200804 02:46:37.721" level="INFO">Unix-1</msg>
<status status="PASS" starttime="20200804 02:46:37.720" endtime="20200804 02:46:37.721"></status>
</kw>
<status status="PASS" starttime="20200804 02:46:37.715" endtime="20200804 02:46:37.721"></status>
</kw>
<kw name="${Iter} = Python" type="foritem">
<kw name="Catenate" library="BuiltIn">
<doc>Catenates the given items together and returns the resulted string.</doc>
<arguments>
<arg>SEPARATOR=-</arg>
<arg>${Iter}</arg>
<arg>${i}</arg>
</arguments>
<assign>
<var>${RES}</var>
</assign>
<msg timestamp="20200804 02:46:37.723" level="INFO">${RES} = Python-2</msg>
<status status="PASS" starttime="20200804 02:46:37.722" endtime="20200804 02:46:37.723"></status>
</kw>
<kw name="Add-Integers">
<arguments>
<arg>${i}</arg>
<arg>1</arg>
</arguments>
<assign>
<var>${i}</var>
</assign>
<kw name="Evaluate" library="BuiltIn">
<doc>Evaluates the given expression in Python and returns the result.</doc>
<arguments>
<arg>${arg1}+${arg2}</arg>
</arguments>
<assign>
<var>${result}</var>
</assign>
<msg timestamp="20200804 02:46:37.725" level="INFO">${result} = 3</msg>
<status status="PASS" starttime="20200804 02:46:37.725" endtime="20200804 02:46:37.726"></status>
</kw>
<msg timestamp="20200804 02:46:37.726" level="INFO">${i} = 3</msg>
<status status="PASS" starttime="20200804 02:46:37.724" endtime="20200804 02:46:37.727"></status>
</kw>
<kw name="Log" library="BuiltIn">
<doc>Logs the given message with the given level.</doc>
<arguments>
<arg>${RES}</arg>
</arguments>
<msg timestamp="20200804 02:46:37.728" level="INFO">Python-2</msg>
<status status="PASS" starttime="20200804 02:46:37.727" endtime="20200804 02:46:37.728"></status>
</kw>
<status status="PASS" starttime="20200804 02:46:37.722" endtime="20200804 02:46:37.728"></status>
</kw>
<kw name="${Iter} = Robot" type="foritem">
<kw name="Catenate" library="BuiltIn">
<doc>Catenates the given items together and returns the resulted string.</doc>
<arguments>
<arg>SEPARATOR=-</arg>
<arg>${Iter}</arg>
<arg>${i}</arg>
</arguments>
<assign>
<var>${RES}</var>
</assign>
<msg timestamp="20200804 02:46:37.730" level="INFO">${RES} = Robot-3</msg>
<status status="PASS" starttime="20200804 02:46:37.729" endtime="20200804 02:46:37.730"></status>
</kw>
<kw name="Add-Integers">
<arguments>
<arg>${i}</arg>
<arg>1</arg>
</arguments>
<assign>
<var>${i}</var>
</assign>
<kw name="Evaluate" library="BuiltIn">
<doc>Evaluates the given expression in Python and returns the result.</doc>
<arguments>
<arg>${arg1}+${arg2}</arg>
</arguments>
<assign>
<var>${result}</var>
</assign>
<msg timestamp="20200804 02:46:37.732" level="INFO">${result} = 4</msg>
<status status="PASS" starttime="20200804 02:46:37.732" endtime="20200804 02:46:37.733"></status>
</kw>
<msg timestamp="20200804 02:46:37.733" level="INFO">${i} = 4</msg>
<status status="PASS" starttime="20200804 02:46:37.730" endtime="20200804 02:46:37.734"></status>
</kw>
<kw name="Log" library="BuiltIn">
<doc>Logs the given message with the given level.</doc>
<arguments>
<arg>${RES}</arg>
</arguments>
<msg timestamp="20200804 02:46:37.734" level="INFO">Robot-3</msg>
<status status="PASS" starttime="20200804 02:46:37.734" endtime="20200804 02:46:37.735"></status>
</kw>
<status status="PASS" starttime="20200804 02:46:37.728" endtime="20200804 02:46:37.735"></status>
</kw>
<kw name="${Iter} = RIDE" type="foritem">
<kw name="Catenate" library="BuiltIn">
<doc>Catenates the given items together and returns the resulted string.</doc>
<arguments>
<arg>SEPARATOR=-</arg>
<arg>${Iter}</arg>
<arg>${i}</arg>
</arguments>
<assign>
<var>${RES}</var>
</assign>
<msg timestamp="20200804 02:46:37.736" level="INFO">${RES} = RIDE-4</msg>
<status status="PASS" starttime="20200804 02:46:37.736" endtime="20200804 02:46:37.736"></status>
</kw>
<kw name="Add-Integers">
<arguments>
<arg>${i}</arg>
<arg>1</arg>
</arguments>
<assign>
<var>${i}</var>
</assign>
<kw name="Evaluate" library="BuiltIn">
<doc>Evaluates the given expression in Python and returns the result.</doc>
<arguments>
<arg>${arg1}+${arg2}</arg>
</arguments>
<assign>
<var>${result}</var>
</assign>
<msg timestamp="20200804 02:46:37.738" level="INFO">${result} = 5</msg>
<status status="PASS" starttime="20200804 02:46:37.737" endtime="20200804 02:46:37.738"></status>
</kw>
<msg timestamp="20200804 02:46:37.739" level="INFO">${i} = 5</msg>
<status status="PASS" starttime="20200804 02:46:37.737" endtime="20200804 02:46:37.739"></status>
</kw>
<kw name="Log" library="BuiltIn">
<doc>Logs the given message with the given level.</doc>
<arguments>
<arg>${RES}</arg>
</arguments>
<msg timestamp="20200804 02:46:37.740" level="INFO">RIDE-4</msg>
<status status="PASS" starttime="20200804 02:46:37.739" endtime="20200804 02:46:37.740"></status>
</kw>
<status status="PASS" starttime="20200804 02:46:37.735" endtime="20200804 02:46:37.740"></status>
</kw>
<status status="PASS" starttime="20200804 02:46:37.715" endtime="20200804 02:46:37.740"></status>
</kw>
<kw name="Set Variable" library="BuiltIn">
<doc>Returns the given values which can then be assigned to a variables.</doc>
<arguments>
<arg>${1}</arg>
</arguments>
<assign>
<var>${i}</var>
</assign>
<msg timestamp="20200804 02:46:37.741" level="INFO">${i} = 1</msg>
<status status="PASS" starttime="20200804 02:46:37.740" endtime="20200804 02:46:37.741"></status>
</kw>
<kw name="Create Dictionary" library="BuiltIn">
<doc>Creates and returns a dictionary based on the given ``items``.</doc>
<arguments>
<arg>Names=Thiru</arg>
<arg>Place=Warangal</arg>
<arg>Subject=EBS</arg>
<arg>College=Amrita</arg>
<arg>Dept=EEE</arg>
</arguments>
<assign>
<var>${MyDictionary}</var>
</assign>
<msg timestamp="20200804 02:46:37.742" level="INFO">${MyDictionary} = {'Names': 'Thiru', 'Place': 'Warangal', 'Subject': 'EBS', 'College': 'Amrita', 'Dept': 'EEE'}</msg>
<status status="PASS" starttime="20200804 02:46:37.741" endtime="20200804 02:46:37.742"></status>
</kw>
<kw name="Get Dictionary Keys" library="Collections">
<doc>Returns keys of the given ``dictionary`` as a list.</doc>
<arguments>
<arg>${MyDictionary}</arg>
</arguments>
<assign>
<var>${MyList1}</var>
</assign>
<msg timestamp="20200804 02:46:37.743" level="INFO">${MyList1} = ['College', 'Dept', 'Names', 'Place', 'Subject']</msg>
<status status="PASS" starttime="20200804 02:46:37.742" endtime="20200804 02:46:37.743"></status>
</kw>
<kw name="${Iter} IN [ @{Mylist1} ]" type="for">
<kw name="${Iter} = College" type="foritem">
<kw name="Run Keyword If" library="BuiltIn">
<doc>Runs the given keyword with the given arguments, if ``condition`` is true.</doc>
<arguments>
<arg>'${Iter}' == 'Names'</arg>
<arg>Remove From Dictionary</arg>
<arg>${MyDictionary}</arg>
<arg>Names</arg>
</arguments>
<status status="PASS" starttime="20200804 02:46:37.744" endtime="20200804 02:46:37.745"></status>
</kw>
<kw name="Run Keyword If" library="BuiltIn">
<doc>Runs the given keyword with the given arguments, if ``condition`` is true.</doc>
<arguments>
<arg>'${Iter}' == 'College'</arg>
<arg>Exit For Loop</arg>
</arguments>
<kw name="Exit For Loop" library="BuiltIn">
<doc>Stops executing the enclosing for loop.</doc>
<msg timestamp="20200804 02:46:37.746" level="INFO">Exiting for loop altogether.</msg>
<status status="PASS" starttime="20200804 02:46:37.745" endtime="20200804 02:46:37.746"></status>
</kw>
<status status="PASS" starttime="20200804 02:46:37.745" endtime="20200804 02:46:37.746"></status>
</kw>
<status status="PASS" starttime="20200804 02:46:37.744" endtime="20200804 02:46:37.746"></status>
</kw>
<status status="PASS" starttime="20200804 02:46:37.743" endtime="20200804 02:46:37.747"></status>
</kw>
<kw name="Create File" library="OperatingSystem">
<doc>Creates a file with the given content and encoding.</doc>
<arguments>
<arg>D:/Nokia/Libraries/Common-lib.txt</arg>
<arg>Hello, World!</arg>
</arguments>
<msg timestamp="20200804 02:46:37.748" level="INFO" html="yes">Created file '&lt;a href="file://D:\Nokia\Libraries\Common-lib.txt"&gt;D:\Nokia\Libraries\Common-lib.txt&lt;/a&gt;'.</msg>
<status status="PASS" starttime="20200804 02:46:37.747" endtime="20200804 02:46:37.748"></status>
</kw>
<kw name="File Should Exist" library="OperatingSystem">
<doc>Fails unless the given ``path`` points to an existing file.</doc>
<arguments>
<arg>D:/Nokia/Libraries/Common-lib.txt</arg>
</arguments>
<msg timestamp="20200804 02:46:37.750" level="INFO" html="yes">File '&lt;a href="file://D:\Nokia\Libraries\Common-lib.txt"&gt;D:\Nokia\Libraries\Common-lib.txt&lt;/a&gt;' exists.</msg>
<status status="PASS" starttime="20200804 02:46:37.749" endtime="20200804 02:46:37.750"></status>
</kw>
<kw name="Count Files In Directory" library="OperatingSystem">
<doc>Wrapper for `Count Items In Directory` returning only file count.</doc>
<arguments>
<arg>D:/Nokia/Libraries</arg>
</arguments>
<msg timestamp="20200804 02:46:37.751" level="INFO" html="yes">Listing contents of directory '&lt;a href="file://D:\Nokia\Libraries"&gt;D:\Nokia\Libraries&lt;/a&gt;'.</msg>
<msg timestamp="20200804 02:46:37.752" level="INFO">2 files.</msg>
<status status="PASS" starttime="20200804 02:46:37.751" endtime="20200804 02:46:37.752"></status>
</kw>
<kw name="Append To File" library="OperatingSystem">
<doc>Appends the given content to the specified file.</doc>
<arguments>
<arg>D:/Nokia/Libraries/Common-lib.txt</arg>
<arg>\nThis is Robot-Framework</arg>
</arguments>
<msg timestamp="20200804 02:46:37.754" level="INFO" html="yes">Appended to file '&lt;a href="file://D:\Nokia\Libraries\Common-lib.txt"&gt;D:\Nokia\Libraries\Common-lib.txt&lt;/a&gt;'.</msg>
<status status="PASS" starttime="20200804 02:46:37.753" endtime="20200804 02:46:37.755"></status>
</kw>
<kw name="Get File" library="OperatingSystem">
<doc>Returns the contents of a specified file.</doc>
<arguments>
<arg>D:/Nokia/Libraries/Common-lib.txt</arg>
</arguments>
<assign>
<var>${FileC}</var>
</assign>
<msg timestamp="20200804 02:46:37.757" level="INFO" html="yes">Getting file '&lt;a href="file://D:\Nokia\Libraries\Common-lib.txt"&gt;D:\Nokia\Libraries\Common-lib.txt&lt;/a&gt;'.</msg>
<msg timestamp="20200804 02:46:37.760" level="INFO">${FileC} = Hello, World!
This is Robot-Framework</msg>
<status status="PASS" starttime="20200804 02:46:37.756" endtime="20200804 02:46:37.760"></status>
</kw>
<kw name="Move File" library="OperatingSystem">
<doc>Moves the source file into the destination.</doc>
<arguments>
<arg>D:/Nokia/Libraries/Common-lib.txt</arg>
<arg>D:/Nokia/Testsuites</arg>
</arguments>
<msg timestamp="20200804 02:46:37.762" level="INFO" html="yes">Moved file from '&lt;a href="file://D:\Nokia\Libraries\Common-lib.txt"&gt;D:\Nokia\Libraries\Common-lib.txt&lt;/a&gt;' to '&lt;a href="file://D:\Nokia\Testsuites\Common-lib.txt"&gt;D:\Nokia\Testsuites\Common-lib.txt&lt;/a&gt;'.</msg>
<status status="PASS" starttime="20200804 02:46:37.761" endtime="20200804 02:46:37.762"></status>
</kw>
<kw name="File Should Exist" library="OperatingSystem">
<doc>Fails unless the given ``path`` points to an existing file.</doc>
<arguments>
<arg>D:/Nokia/Testsuites/Common-lib.txt</arg>
</arguments>
<msg timestamp="20200804 02:46:37.764" level="INFO" html="yes">File '&lt;a href="file://D:\Nokia\Testsuites\Common-lib.txt"&gt;D:\Nokia\Testsuites\Common-lib.txt&lt;/a&gt;' exists.</msg>
<status status="PASS" starttime="20200804 02:46:37.763" endtime="20200804 02:46:37.764"></status>
</kw>
<kw name="Remove File" library="OperatingSystem">
<doc>Removes a file with the given path.</doc>
<arguments>
<arg>D:/Nokia/Testsuites/Common-lib.txt</arg>
</arguments>
<msg timestamp="20200804 02:46:37.766" level="INFO" html="yes">Removed file '&lt;a href="file://D:\Nokia\Testsuites\Common-lib.txt"&gt;D:\Nokia\Testsuites\Common-lib.txt&lt;/a&gt;'.</msg>
<status status="PASS" starttime="20200804 02:46:37.765" endtime="20200804 02:46:37.766"></status>
</kw>
<kw name="File Should Not Exist" library="OperatingSystem">
<doc>Fails if the given path points to an existing file.</doc>
<arguments>
<arg>D:/Nokia/Testsuites/Common-lib.txt</arg>
</arguments>
<msg timestamp="20200804 02:46:37.768" level="INFO" html="yes">File '&lt;a href="file://D:\Nokia\Testsuites\Common-lib.txt"&gt;D:\Nokia\Testsuites\Common-lib.txt&lt;/a&gt;' does not exist.</msg>
<status status="PASS" starttime="20200804 02:46:37.767" endtime="20200804 02:46:37.768"></status>
</kw>
<kw name="Create File" library="OperatingSystem">
<doc>Creates a file with the given content and encoding.</doc>
<arguments>
<arg>D:/Nokia/Libraries/Test-lib.txt</arg>
<arg>A AN. or Ask. the and\nor the\nor the\nand</arg>
</arguments>
<msg timestamp="20200804 02:46:37.770" level="INFO" html="yes">Created file '&lt;a href="file://D:\Nokia\Libraries\Test-lib.txt"&gt;D:\Nokia\Libraries\Test-lib.txt&lt;/a&gt;'.</msg>
<status status="PASS" starttime="20200804 02:46:37.768" endtime="20200804 02:46:37.770"></status>
</kw>
<kw name="Get File" library="OperatingSystem">
<doc>Returns the contents of a specified file.</doc>
<arguments>
<arg>D:/Nokia/Libraries/Test-lib.txt</arg>
</arguments>
<assign>
<var>${FileC}</var>
</assign>
<msg timestamp="20200804 02:46:37.772" level="INFO" html="yes">Getting file '&lt;a href="file://D:\Nokia\Libraries\Test-lib.txt"&gt;D:\Nokia\Libraries\Test-lib.txt&lt;/a&gt;'.</msg>
<msg timestamp="20200804 02:46:37.774" level="INFO">${FileC} = A AN. or Ask. the and
or the
or the
and</msg>
<status status="PASS" starttime="20200804 02:46:37.771" endtime="20200804 02:46:37.774"></status>
</kw>
<kw name="Get Lines Containing String" library="String">
<doc>Returns lines of the given ``string`` that contain the ``pattern``.</doc>
<arguments>
<arg>${FileC}</arg>
<arg>the</arg>
</arguments>
<assign>
<var>${FileC}</var>
</assign>
<msg timestamp="20200804 02:46:37.775" level="INFO">3 out of 4 lines matched</msg>
<msg timestamp="20200804 02:46:37.776" level="INFO">${FileC} = A AN. or Ask. the and
or the
or the</msg>
<status status="PASS" starttime="20200804 02:46:37.775" endtime="20200804 02:46:37.776"></status>
</kw>
<kw name="Get Lines Matching Pattern" library="String">
<doc>Returns lines of the given ``string`` that match the ``pattern``.</doc>
<arguments>
<arg>${FileC}</arg>
<arg>A*</arg>
</arguments>
<assign>
<var>${FileC}</var>
</assign>
<msg timestamp="20200804 02:46:37.777" level="INFO">1 out of 3 lines matched</msg>
<msg timestamp="20200804 02:46:37.777" level="INFO">${FileC} = A AN. or Ask. the and</msg>
<status status="PASS" starttime="20200804 02:46:37.776" endtime="20200804 02:46:37.777"></status>
</kw>
<kw name="Convert To Lower Case" library="String">
<doc>Converts string to lower case.</doc>
<arguments>
<arg>${FileC}</arg>
</arguments>
<assign>
<var>${FileC}</var>
</assign>
<msg timestamp="20200804 02:46:37.778" level="INFO">${FileC} = a an. or ask. the and</msg>
<status status="PASS" starttime="20200804 02:46:37.778" endtime="20200804 02:46:37.779"></status>
</kw>
<kw name="Remove String" library="String">
<doc>Removes all ``removables`` from the given ``string``.</doc>
<arguments>
<arg>${FileC}</arg>
<arg>or</arg>
</arguments>
<assign>
<var>${FileC}</var>
</assign>
<msg timestamp="20200804 02:46:37.780" level="INFO">${FileC} = a an.  ask. the and</msg>
<status status="PASS" starttime="20200804 02:46:37.779" endtime="20200804 02:46:37.780"></status>
</kw>
<kw name="Replace String" library="String">
<doc>Replaces ``search_for`` in the given ``string`` with ``replace_with``.</doc>
<arguments>
<arg>${FileC}</arg>
<arg>and</arg>
<arg>or</arg>
</arguments>
<assign>
<var>${FileC}</var>
</assign>
<msg timestamp="20200804 02:46:37.781" level="INFO">${FileC} = a an.  ask. the or</msg>
<status status="PASS" starttime="20200804 02:46:37.781" endtime="20200804 02:46:37.781"></status>
</kw>
<kw name="Remove File" library="OperatingSystem">
<doc>Removes a file with the given path.</doc>
<arguments>
<arg>D:/Nokia/Libraries/Test-lib.txt</arg>
</arguments>
<msg timestamp="20200804 02:46:37.782" level="INFO" html="yes">Removed file '&lt;a href="file://D:\Nokia\Libraries\Test-lib.txt"&gt;D:\Nokia\Libraries\Test-lib.txt&lt;/a&gt;'.</msg>
<status status="PASS" starttime="20200804 02:46:37.782" endtime="20200804 02:46:37.783"></status>
</kw>
<kw name="Test-Teardown-2" type="teardown">
<kw name="Log Many" library="BuiltIn">
<doc>Logs the given messages as separate entries using the INFO level.</doc>
<arguments>
<arg>${SW}</arg>
</arguments>
<msg timestamp="20200804 02:46:37.784" level="INFO">{'Author': 'Thirumal'}</msg>
<status status="PASS" starttime="20200804 02:46:37.784" endtime="20200804 02:46:37.785"></status>
</kw>
<status status="PASS" starttime="20200804 02:46:37.783" endtime="20200804 02:46:37.785"></status>
</kw>
<status status="PASS" starttime="20200804 02:46:37.699" endtime="20200804 02:46:37.785" critical="yes"></status>
</test>
<test id="s1-s1-s1-t3" name="TC003 Lists and Dictionary">
<kw name="Copy List" library="Collections">
<doc>Returns a copy of the given list.</doc>
<arguments>
<arg>${List-Names}</arg>
</arguments>
<assign>
<var>${List-Copy}</var>
</assign>
<msg timestamp="20200804 02:46:37.787" level="INFO">${List-Copy} = ['Unix', 'Python', 'Robot', 'RIDE']</msg>
<status status="PASS" starttime="20200804 02:46:37.787" endtime="20200804 02:46:37.787"></status>
</kw>
<kw name="Insert Into List" library="Collections">
<doc>Inserts ``value`` into ``list`` to the position specified with ``index``.</doc>
<arguments>
<arg>${List-Copy}</arg>
<arg>2</arg>
<arg>SQL</arg>
</arguments>
<status status="PASS" starttime="20200804 02:46:37.788" endtime="20200804 02:46:37.788"></status>
</kw>
<kw name="Remove Values From List" library="Collections">
<doc>Removes all occurrences of given ``values`` from ``list``.</doc>
<arguments>
<arg>${List-Copy}</arg>
<arg>Robot</arg>
</arguments>
<status status="PASS" starttime="20200804 02:46:37.788" endtime="20200804 02:46:37.789"></status>
</kw>
<kw name="Remove From List" library="Collections">
<doc>Removes and returns the value specified with an ``index`` from ``list``.</doc>
<arguments>
<arg>${List-Copy}</arg>
<arg>3</arg>
</arguments>
<status status="PASS" starttime="20200804 02:46:37.789" endtime="20200804 02:46:37.790"></status>
</kw>
<kw name="Get Length" library="BuiltIn">
<doc>Returns and logs the length of the given item as an integer.</doc>
<arguments>
<arg>${List-Copy}</arg>
</arguments>
<msg timestamp="20200804 02:46:37.790" level="INFO">Length is 3</msg>
<status status="PASS" starttime="20200804 02:46:37.790" endtime="20200804 02:46:37.790"></status>
</kw>
<kw name="Run Keyword And Ignore Error" library="BuiltIn">
<doc>Runs the given keyword with the given arguments and ignores possible error.</doc>
<arguments>
<arg>List Should Contain Sub List</arg>
<arg>${List-Names}</arg>
<arg>${List-Copy}</arg>
<arg>msg=Not a sub List</arg>
<arg>values=False</arg>
</arguments>
<kw name="List Should Contain Sub List" library="Collections">
<doc>Fails if not all of the elements in ``list2`` are found in ``list1``.</doc>
<arguments>
<arg>${List-Names}</arg>
<arg>${List-Copy}</arg>
<arg>msg=Not a sub List</arg>
<arg>values=False</arg>
</arguments>
<msg timestamp="20200804 02:46:37.792" level="FAIL">Not a sub List</msg>
<status status="FAIL" starttime="20200804 02:46:37.791" endtime="20200804 02:46:37.792"></status>
</kw>
<status status="PASS" starttime="20200804 02:46:37.791" endtime="20200804 02:46:37.792"></status>
</kw>
<kw name="Log" library="BuiltIn">
<doc>Logs the given message with the given level.</doc>
<arguments>
<arg>${List-Copy}</arg>
</arguments>
<msg timestamp="20200804 02:46:37.793" level="INFO">['Unix', 'Python', 'SQL']</msg>
<status status="PASS" starttime="20200804 02:46:37.792" endtime="20200804 02:46:37.793"></status>
</kw>
<kw name="Get Matches" library="Collections">
<doc>Returns a list of matches to ``pattern`` in ``list``.</doc>
<arguments>
<arg>${List-Copy}</arg>
<arg>P*</arg>
</arguments>
<assign>
<var>${matches}</var>
</assign>
<msg timestamp="20200804 02:46:37.794" level="INFO">${matches} = ['Python']</msg>
<status status="PASS" starttime="20200804 02:46:37.793" endtime="20200804 02:46:37.794"></status>
</kw>
<kw name="Get Length" library="BuiltIn">
<doc>Returns and logs the length of the given item as an integer.</doc>
<arguments>
<arg>${matches}</arg>
</arguments>
<msg timestamp="20200804 02:46:37.795" level="INFO">Length is 1</msg>
<status status="PASS" starttime="20200804 02:46:37.794" endtime="20200804 02:46:37.795"></status>
</kw>
<kw name="Create Dictionary" library="BuiltIn">
<doc>Creates and returns a dictionary based on the given ``items``.</doc>
<arguments>
<arg>Names=Thiru</arg>
<arg>Place=Warangal</arg>
<arg>Subject=EBS</arg>
<arg>College=Amrita</arg>
<arg>Dept=EEE</arg>
</arguments>
<assign>
<var>${MyDictionary}</var>
</assign>
<msg timestamp="20200804 02:46:37.797" level="INFO">${MyDictionary} = {'Names': 'Thiru', 'Place': 'Warangal', 'Subject': 'EBS', 'College': 'Amrita', 'Dept': 'EEE'}</msg>
<status status="PASS" starttime="20200804 02:46:37.795" endtime="20200804 02:46:37.797"></status>
</kw>
<kw name="Get Dictionary Keys" library="Collections">
<doc>Returns keys of the given ``dictionary`` as a list.</doc>
<arguments>
<arg>${MyDictionary}</arg>
</arguments>
<assign>
<var>${MyList1}</var>
</assign>
<msg timestamp="20200804 02:46:37.799" level="INFO">${MyList1} = ['College', 'Dept', 'Names', 'Place', 'Subject']</msg>
<status status="PASS" starttime="20200804 02:46:37.798" endtime="20200804 02:46:37.799"></status>
</kw>
<kw name="Get Dictionary Values" library="Collections">
<doc>Returns values of the given ``dictionary`` as a list.</doc>
<arguments>
<arg>${MyDictionary}</arg>
</arguments>
<assign>
<var>${MyList2}</var>
</assign>
<msg timestamp="20200804 02:46:37.800" level="INFO">${MyList2} = ['Amrita', 'EEE', 'Thiru', 'Warangal', 'EBS']</msg>
<status status="PASS" starttime="20200804 02:46:37.799" endtime="20200804 02:46:37.800"></status>
</kw>
<kw name="Get From Dictionary" library="Collections">
<doc>Returns a value from the given ``dictionary`` based on the given ``key``.</doc>
<arguments>
<arg>${MyDictionary}</arg>
<arg>College</arg>
</arguments>
<assign>
<var>${Collage}</var>
</assign>
<msg timestamp="20200804 02:46:37.802" level="INFO">${Collage} = Amrita</msg>
<status status="PASS" starttime="20200804 02:46:37.801" endtime="20200804 02:46:37.802"></status>
</kw>
<kw name="Remove From Dictionary" library="Collections">
<doc>Removes the given ``keys`` from the ``dictionary``.</doc>
<arguments>
<arg>${MyDictionary}</arg>
<arg>Subject</arg>
</arguments>
<msg timestamp="20200804 02:46:37.803" level="INFO">Removed item with key 'Subject' and value 'EBS'.</msg>
<status status="PASS" starttime="20200804 02:46:37.802" endtime="20200804 02:46:37.803"></status>
</kw>
<kw name="Set To Dictionary" library="Collections">
<doc>Adds the given ``key_value_pairs`` and ``items`` to the ``dictionary``.</doc>
<arguments>
<arg>${MyDictionary}</arg>
<arg>Class=Nokia</arg>
</arguments>
<status status="PASS" starttime="20200804 02:46:37.804" endtime="20200804 02:46:37.804"></status>
</kw>
<kw name="Log" library="BuiltIn">
<doc>Logs the given message with the given level.</doc>
<arguments>
<arg>${MyDictionary}</arg>
</arguments>
<msg timestamp="20200804 02:46:37.806" level="INFO">{'Names': 'Thiru', 'Place': 'Warangal', 'College': 'Amrita', 'Dept': 'EEE', 'Class': 'Nokia'}</msg>
<status status="PASS" starttime="20200804 02:46:37.805" endtime="20200804 02:46:37.806"></status>
</kw>
<status status="PASS" starttime="20200804 02:46:37.786" endtime="20200804 02:46:37.806" critical="yes"></status>
</test>
<kw name="Suite-Teardown" type="teardown">
<kw name="Log" library="BuiltIn">
<doc>Logs the given message with the given level.</doc>
<arguments>
<arg>${List-Names}[0]</arg>
</arguments>
<msg timestamp="20200804 02:46:37.809" level="INFO">Unix</msg>
<status status="PASS" starttime="20200804 02:46:37.808" endtime="20200804 02:46:37.809"></status>
</kw>
<kw name="Log To Console" library="BuiltIn">
<doc>Logs the given message to the console.</doc>
<arguments>
<arg>${List-Names}[1]</arg>
</arguments>
<status status="PASS" starttime="20200804 02:46:37.810" endtime="20200804 02:46:37.811"></status>
</kw>
<kw name="Log Many" library="BuiltIn">
<doc>Logs the given messages as separate entries using the INFO level.</doc>
<arguments>
<arg>${List-Names}</arg>
</arguments>
<msg timestamp="20200804 02:46:37.812" level="INFO">['Unix', 'Python', 'Robot', 'RIDE']</msg>
<status status="PASS" starttime="20200804 02:46:37.811" endtime="20200804 02:46:37.813"></status>
</kw>
<status status="PASS" starttime="20200804 02:46:37.808" endtime="20200804 02:46:37.813"></status>
</kw>
<status status="PASS" starttime="20200804 02:46:37.657" endtime="20200804 02:46:37.814"></status>
</suite>
<status status="PASS" starttime="20200804 02:46:37.653" endtime="20200804 02:46:37.816"></status>
</suite>
<status status="PASS" starttime="20200804 02:46:37.627" endtime="20200804 02:46:37.818"></status>
</suite>
<statistics>
<total>
<stat pass="3" fail="0">Critical Tests</stat>
<stat pass="3" fail="0">All Tests</stat>
</total>
<tag>
</tag>
<suite>
<stat pass="3" fail="0" id="s1" name="Testbot">Testbot</stat>
<stat pass="3" fail="0" id="s1-s1" name="Testsuites">Testbot.Testsuites</stat>
<stat pass="3" fail="0" id="s1-s1-s1" name="BASICS">Testbot.Testsuites.BASICS</stat>
</suite>
</statistics>
<errors>
</errors>
</robot>
